

09-02-2023 42:40:17
        
message => Lỗi
        
error => TypeError: (countContent + 1239000).tosLocaleString is not a function

09-02-2023 56:40:17
        
message => Lỗi
        
error => TypeError: (countContent + 1239000).tosLocaleString is not a function

09-02-2023 14:41:17
        
message => Lỗi
        
error => TypeError: (countContent + 1239000).tosLocaleString is not a function

09-02-2023 04:35:20
        
message => Lỗi truy vấn, vui lòng tải lại trang và thử lại
        
error => MongooseError: Operation `contents.findOne()` buffering timed out after 10000ms

09-02-2023 18:35:20
        
message => Lỗi
        
error => MongooseError: Operation `contents.countDocuments()` buffering timed out after 10000ms

09-02-2023 55:57:20
        
message => Lỗi truy vấn, vui lòng tải lại trang và thử lại
        
error => MongooseError: Operation `contents.findOne()` buffering timed out after 10000ms

09-02-2023 08:58:20
        
message => Lỗi
        
error => MongooseError: Operation `contents.countDocuments()` buffering timed out after 10000ms

09-02-2023 15:58:20
        
message => Lỗi truy vấn, vui lòng tải lại trang và thử lại
        
error => MongooseError: Operation `contents.findOne()` buffering timed out after 10000ms

09-02-2023 24:58:20
        
message => Lỗi truy vấn, vui lòng tải lại trang và thử lại
        
error => MongooseError: Operation `contents.findOne()` buffering timed out after 10000ms

// test